<?xml version="1.0" encoding="UTF-8"?>
<!-- Generated by org.testng.reporters.JUnitXMLReporter -->
<testsuite ignored="0" hostname="BLR135CG14834VT" failures="0" tests="3" name="chrome" time="25.308" errors="0" timestamp="2025-06-25T19:30:39 IST">
  <testcase classname="datadrivenandparalleltesting.paralleltest" name="testlogo" time="0.096"/>
  <testcase classname="datadrivenandparalleltesting.paralleltest" name="testurl" time="0.039"/>
  <testcase classname="datadrivenandparalleltesting.paralleltest" name="testtitle" time="0.132"/>
</testsuite> <!-- chrome -->
