<?xml version="1.0" encoding="UTF-8"?>
<!-- Generated by org.testng.reporters.JUnitXMLReporter -->
<testsuite ignored="0" hostname="BLR135CG14834VT" failures="0" tests="3" name="firefox" time="28.46" errors="0" timestamp="2025-06-25T19:30:42 IST">
  <testcase classname="datadrivenandparalleltesting.paralleltest" name="testlogo" time="0.057"/>
  <testcase classname="datadrivenandparalleltesting.paralleltest" name="testurl" time="0.012"/>
  <testcase classname="datadrivenandparalleltesting.paralleltest" name="testtitle" time="0.009"/>
</testsuite> <!-- firefox -->
