<?xml version="1.0" encoding="UTF-8"?>
<!-- Generated by org.testng.reporters.JUnitXMLReporter -->
<testsuite ignored="0" hostname="BLR135CG14834VT" failures="10" tests="13" name="Test" time="21.609" errors="0" timestamp="2025-07-15T11:46:36 IST">
  <testcase classname="Amazon_webpage_TestCase_Testing.Regression_serach" name="landingSearchpage_lego" time="3.07"/>
  <testcase classname="Amazon_webpage_TestCase_Testing.Regression_serach" name="get_DDS_filter" time="3.167"/>
  <testcase classname="Amazon_webpage_TestCase_Testing.Regression_serach" name="get_SSD_filter" time="4.105"/>
  <testcase classname="Amazon_webpage_TestCase_Testing.Regression_Detail" name="detailpage__Above_SSD_msg" time="0.002">
    <failure type="java.lang.IllegalArgumentException" message="Driver must be set">
      <![CDATA[java.lang.IllegalArgumentException: Driver must be set
at org.openqa.selenium.internal.Require.nonNull(Require.java:64)
at org.openqa.selenium.interactions.Actions.<init>(Actions.java:67)
at org.openqa.selenium.interactions.Actions.<init>(Actions.java:63)
at amazon_webpage_testing.DetailPage.<init>(DetailPage.java:21)
at Amazon_webpage_TestCase_Testing.Regression_Detail.detailpage__Above_SSD_msg(Regression_Detail.java:20)
at java.base/java.util.ArrayList.forEach(ArrayList.java:1604)
... Removed 25 stack frames]]>
    </failure>
  </testcase> <!-- detailpage__Above_SSD_msg -->
  <testcase classname="Amazon_webpage_TestCase_Testing.Regression_Detail" name="detailpage_SSD_msg_after_increase_quantity" time="0.001">
    <failure type="java.lang.IllegalArgumentException" message="Driver must be set">
      <![CDATA[java.lang.IllegalArgumentException: Driver must be set
at org.openqa.selenium.internal.Require.nonNull(Require.java:64)
at org.openqa.selenium.interactions.Actions.<init>(Actions.java:67)
at org.openqa.selenium.interactions.Actions.<init>(Actions.java:63)
at amazon_webpage_testing.DetailPage.<init>(DetailPage.java:21)
at Amazon_webpage_TestCase_Testing.Regression_Detail.detailpage_SSD_msg_after_increase_quantity(Regression_Detail.java:28)
at java.base/java.util.ArrayList.forEach(ArrayList.java:1604)
... Removed 25 stack frames]]>
    </failure>
  </testcase> <!-- detailpage_SSD_msg_after_increase_quantity -->
  <testcase classname="Amazon_webpage_TestCase_Testing.Regression_Detail" name="detailpage_SSD_msg_after_decrease_quantity" time="0.001">
    <failure type="java.lang.IllegalArgumentException" message="Driver must be set">
      <![CDATA[java.lang.IllegalArgumentException: Driver must be set
at org.openqa.selenium.internal.Require.nonNull(Require.java:64)
at org.openqa.selenium.interactions.Actions.<init>(Actions.java:67)
at org.openqa.selenium.interactions.Actions.<init>(Actions.java:63)
at amazon_webpage_testing.DetailPage.<init>(DetailPage.java:21)
at Amazon_webpage_TestCase_Testing.Regression_Detail.detailpage_SSD_msg_after_decrease_quantity(Regression_Detail.java:36)
at java.base/java.util.ArrayList.forEach(ArrayList.java:1604)
... Removed 25 stack frames]]>
    </failure>
  </testcase> <!-- detailpage_SSD_msg_after_decrease_quantity -->
  <testcase classname="Amazon_webpage_TestCase_Testing.Regression_Detail" name="detailpage_addtoCart" time="0.001">
    <failure type="java.lang.IllegalArgumentException" message="Driver must be set">
      <![CDATA[java.lang.IllegalArgumentException: Driver must be set
at org.openqa.selenium.internal.Require.nonNull(Require.java:64)
at org.openqa.selenium.interactions.Actions.<init>(Actions.java:67)
at org.openqa.selenium.interactions.Actions.<init>(Actions.java:63)
at amazon_webpage_testing.DetailPage.<init>(DetailPage.java:21)
at Amazon_webpage_TestCase_Testing.Regression_Detail.detailpage_addtoCart(Regression_Detail.java:45)
at java.base/java.util.ArrayList.forEach(ArrayList.java:1604)
... Removed 25 stack frames]]>
    </failure>
  </testcase> <!-- detailpage_addtoCart -->
  <testcase classname="Amazon_webpage_TestCase_Testing.Regression_Detail" name="detailpage_Buy_now" time="0.001">
    <failure type="java.lang.IllegalArgumentException" message="Driver must be set">
      <![CDATA[java.lang.IllegalArgumentException: Driver must be set
at org.openqa.selenium.internal.Require.nonNull(Require.java:64)
at org.openqa.selenium.interactions.Actions.<init>(Actions.java:67)
at org.openqa.selenium.interactions.Actions.<init>(Actions.java:63)
at amazon_webpage_testing.DetailPage.<init>(DetailPage.java:21)
at Amazon_webpage_TestCase_Testing.Regression_Detail.detailpage_Buy_now(Regression_Detail.java:52)
at java.base/java.util.ArrayList.forEach(ArrayList.java:1604)
... Removed 25 stack frames]]>
    </failure>
  </testcase> <!-- detailpage_Buy_now -->
  <testcase classname="Amazon_webpage_TestCase_Testing.Regression_Detail" name="detailpage_Below_SSD_msg" time="0.002">
    <failure type="java.lang.IllegalArgumentException" message="Driver must be set">
      <![CDATA[java.lang.IllegalArgumentException: Driver must be set
at org.openqa.selenium.internal.Require.nonNull(Require.java:64)
at org.openqa.selenium.interactions.Actions.<init>(Actions.java:67)
at org.openqa.selenium.interactions.Actions.<init>(Actions.java:63)
at amazon_webpage_testing.DetailPage.<init>(DetailPage.java:21)
at Amazon_webpage_TestCase_Testing.Regression_Detail.detailpage_Below_SSD_msg(Regression_Detail.java:62)
at java.base/java.util.ArrayList.forEach(ArrayList.java:1604)
... Removed 25 stack frames]]>
    </failure>
  </testcase> <!-- detailpage_Below_SSD_msg -->
  <testcase classname="Amazon_webpage_TestCase_Testing.Regression_Detail" name="detailpage_belowTo_Above_after_increase_quantity" time="0.001">
    <failure type="java.lang.IllegalArgumentException" message="Driver must be set">
      <![CDATA[java.lang.IllegalArgumentException: Driver must be set
at org.openqa.selenium.internal.Require.nonNull(Require.java:64)
at org.openqa.selenium.interactions.Actions.<init>(Actions.java:67)
at org.openqa.selenium.interactions.Actions.<init>(Actions.java:63)
at amazon_webpage_testing.DetailPage.<init>(DetailPage.java:21)
at Amazon_webpage_TestCase_Testing.Regression_Detail.detailpage_belowTo_Above_after_increase_quantity(Regression_Detail.java:70)
at java.base/java.util.ArrayList.forEach(ArrayList.java:1604)
... Removed 25 stack frames]]>
    </failure>
  </testcase> <!-- detailpage_belowTo_Above_after_increase_quantity -->
  <testcase classname="Amazon_webpage_TestCase_Testing.Regression_Detail" name="detailpage_aboveTo_Below_SSD_msg_after_decrease_quantity" time="0.001">
    <failure type="java.lang.IllegalArgumentException" message="Driver must be set">
      <![CDATA[java.lang.IllegalArgumentException: Driver must be set
at org.openqa.selenium.internal.Require.nonNull(Require.java:64)
at org.openqa.selenium.interactions.Actions.<init>(Actions.java:67)
at org.openqa.selenium.interactions.Actions.<init>(Actions.java:63)
at amazon_webpage_testing.DetailPage.<init>(DetailPage.java:21)
at Amazon_webpage_TestCase_Testing.Regression_Detail.detailpage_aboveTo_Below_SSD_msg_after_decrease_quantity(Regression_Detail.java:78)
at java.base/java.util.ArrayList.forEach(ArrayList.java:1604)
... Removed 25 stack frames]]>
    </failure>
  </testcase> <!-- detailpage_aboveTo_Below_SSD_msg_after_decrease_quantity -->
  <testcase classname="Amazon_webpage_TestCase_Testing.Regression_Detail" name="detailpage_BelowFST_addtoCart" time="0.001">
    <failure type="java.lang.IllegalArgumentException" message="Driver must be set">
      <![CDATA[java.lang.IllegalArgumentException: Driver must be set
at org.openqa.selenium.internal.Require.nonNull(Require.java:64)
at org.openqa.selenium.interactions.Actions.<init>(Actions.java:67)
at org.openqa.selenium.interactions.Actions.<init>(Actions.java:63)
at amazon_webpage_testing.DetailPage.<init>(DetailPage.java:21)
at Amazon_webpage_TestCase_Testing.Regression_Detail.detailpage_BelowFST_addtoCart(Regression_Detail.java:86)
at java.base/java.util.ArrayList.forEach(ArrayList.java:1604)
... Removed 25 stack frames]]>
    </failure>
  </testcase> <!-- detailpage_BelowFST_addtoCart -->
  <testcase classname="Amazon_webpage_TestCase_Testing.Regression_Detail" name="detailpage_BelowFST_Buy_now" time="0.001">
    <failure type="java.lang.IllegalArgumentException" message="Driver must be set">
      <![CDATA[java.lang.IllegalArgumentException: Driver must be set
at org.openqa.selenium.internal.Require.nonNull(Require.java:64)
at org.openqa.selenium.interactions.Actions.<init>(Actions.java:67)
at org.openqa.selenium.interactions.Actions.<init>(Actions.java:63)
at amazon_webpage_testing.DetailPage.<init>(DetailPage.java:21)
at Amazon_webpage_TestCase_Testing.Regression_Detail.detailpage_BelowFST_Buy_now(Regression_Detail.java:93)
at java.base/java.util.ArrayList.forEach(ArrayList.java:1604)
... Removed 25 stack frames]]>
    </failure>
  </testcase> <!-- detailpage_BelowFST_Buy_now -->
</testsuite> <!-- Test -->
