<?xml version="1.0" encoding="UTF-8"?>
<testng-results ignored="0" total="3" passed="3" failed="0" skipped="0">
  <reporter-output>
  </reporter-output>
  <suite started-at="2025-07-17T20:33:00 IST" name="RegressionSuite" finished-at="2025-07-17T20:34:17 IST" duration-ms="77585">
    <groups>
      <group name="regression">
        <method signature="Regression_checkout.CheckoutPage_Above_Lego()[pri:31, instance:Amazon_webpage_TestCase_Testing.Regression_checkout@5c33f1a9]" name="CheckoutPage_Above_Lego" class="Amazon_webpage_TestCase_Testing.Regression_checkout"/>
        <method signature="Regression_checkout.CheckoutPage_Below_lego()[pri:32, instance:Amazon_webpage_TestCase_Testing.Regression_checkout@5c33f1a9]" name="CheckoutPage_Below_lego" class="Amazon_webpage_TestCase_Testing.Regression_checkout"/>
        <method signature="Regression_checkout.CheckoutPage_Below_lego_increaseQuantity()[pri:33, instance:Amazon_webpage_TestCase_Testing.Regression_checkout@5c33f1a9]" name="CheckoutPage_Below_lego_increaseQuantity" class="Amazon_webpage_TestCase_Testing.Regression_checkout"/>
      </group> <!-- regression -->
    </groups>
    <test started-at="2025-07-17T20:33:00 IST" name="RegressionGroupOnly" finished-at="2025-07-17T20:34:17 IST" duration-ms="77585">
      <class name="Amazon_webpage_TestCase_Testing.Regression_checkout">
        <test-method is-config="true" signature="setup()[pri:0, instance:Amazon_webpage_TestCase_Testing.Regression_checkout@5c33f1a9]" started-at="2025-07-17T20:33:00 IST" name="setup" finished-at="2025-07-17T20:33:09 IST" duration-ms="9408" status="PASS">
          <reporter-output>
          </reporter-output>
        </test-method> <!-- setup -->
        <test-method signature="CheckoutPage_Above_Lego()[pri:31, instance:Amazon_webpage_TestCase_Testing.Regression_checkout@5c33f1a9]" started-at="2025-07-17T20:33:09 IST" name="CheckoutPage_Above_Lego" finished-at="2025-07-17T20:33:26 IST" duration-ms="17155" status="PASS">
          <reporter-output>
          </reporter-output>
        </test-method> <!-- CheckoutPage_Above_Lego -->
        <test-method signature="CheckoutPage_Below_lego()[pri:32, instance:Amazon_webpage_TestCase_Testing.Regression_checkout@5c33f1a9]" started-at="2025-07-17T20:33:26 IST" name="CheckoutPage_Below_lego" finished-at="2025-07-17T20:33:53 IST" duration-ms="27000" status="PASS">
          <reporter-output>
          </reporter-output>
        </test-method> <!-- CheckoutPage_Below_lego -->
        <test-method signature="CheckoutPage_Below_lego_increaseQuantity()[pri:33, instance:Amazon_webpage_TestCase_Testing.Regression_checkout@5c33f1a9]" started-at="2025-07-17T20:33:53 IST" name="CheckoutPage_Below_lego_increaseQuantity" finished-at="2025-07-17T20:34:17 IST" duration-ms="23935" status="PASS">
          <reporter-output>
          </reporter-output>
        </test-method> <!-- CheckoutPage_Below_lego_increaseQuantity -->
      </class> <!-- Amazon_webpage_TestCase_Testing.Regression_checkout -->
    </test> <!-- RegressionGroupOnly -->
  </suite> <!-- RegressionSuite -->
</testng-results>
